Arguments: 
  /home/adam/.nvm/versions/node/v10.15.3/bin/node /usr/bin/yarn add -D vuewpress

PATH: 
  /home/adam/Applications/google-cloud-sdk/bin:/home/adam/.nvm/versions/node/v10.15.3/bin:/home/adam/.cargo/bin:./node_modules/.bin:/home/adam/.pyenv/plugins/pyenv-virtualenv/shims:/home/adam/.cargo/bin:/usr/local/bin:/usr/local/sbin:/usr/bin:/home/adam/.local/share/flatpak/exports/bin:/usr/lib/jvm/default/bin:/var/lib/snapd/snap/bin:/home/adam/.oh-my-zsh/custom/plugins/kubetail:/home/adam/.local/bin:/home/adam/Scripts:/var/lib/snapd/snap/bin:/home/adam/.gem/ruby/2.7.0/bin:/home/adam/.linkerd2/bin:/bin:/home/adam/go/bin:/home/adam/bin

Yarn version: 
  1.22.4

Node version: 
  10.15.3

Platform: 
  linux x64

Trace: 
  Error: https://registry.yarnpkg.com/vuewpress: Not found
      at Request.params.callback [as _callback] (/usr/lib/node_modules/yarn/lib/cli.js:66987:18)
      at Request.self.callback (/usr/lib/node_modules/yarn/lib/cli.js:140748:22)
      at Request.emit (events.js:189:13)
      at Request.<anonymous> (/usr/lib/node_modules/yarn/lib/cli.js:141720:10)
      at Request.emit (events.js:189:13)
      at IncomingMessage.<anonymous> (/usr/lib/node_modules/yarn/lib/cli.js:141642:12)
      at Object.onceWrapper (events.js:277:13)
      at IncomingMessage.emit (events.js:194:15)
      at endReadableNT (_stream_readable.js:1125:12)
      at process._tickCallback (internal/process/next_tick.js:63:19)

npm manifest: 
  {
    "name": "sanic-guide",
    "version": "1.0.0",
    "main": "index.js",
    "repository": "git@github.com:huge-success/sanic-guide.git",
    "author": "Adam Hopkins <admhpkns@gmail.com>",
    "license": "MIT"
  }

yarn manifest: 
  No manifest

Lockfile: 
  No lockfile
